<?xml version="1.0" encoding="UTF-8"?>
<testsuite name="it.unicam.cs.IngegneriaDelSoftware.Casotto.Servizi.ComandaAttivitaTest" tests="2" skipped="0" failures="0" errors="0" timestamp="2022-01-28T21:05:26" hostname="Air-di-Matteo.homenet.telecomitalia.it" time="0.002">
  <properties/>
  <testcase name="calcolaConto()" classname="it.unicam.cs.IngegneriaDelSoftware.Casotto.Servizi.ComandaAttivitaTest" time="0.001"/>
  <testcase name="chiudiComanda()" classname="it.unicam.cs.IngegneriaDelSoftware.Casotto.Servizi.ComandaAttivitaTest" time="0.0"/>
  <system-out><![CDATA[]]></system-out>
  <system-err><![CDATA[]]></system-err>
</testsuite>
