<?xml version="1.0" encoding="UTF-8"?>
<testsuite name="it.unicam.cs.IngegneriaDelSoftware.Casotto.Attori.GestoreTest" tests="3" skipped="0" failures="0" errors="0" timestamp="2022-01-28T21:05:26" hostname="Air-di-Matteo.homenet.telecomitalia.it" time="0.026">
  <properties/>
  <testcase name="getC()" classname="it.unicam.cs.IngegneriaDelSoftware.Casotto.Attori.GestoreTest" time="0.003"/>
  <testcase name="setTariffe()" classname="it.unicam.cs.IngegneriaDelSoftware.Casotto.Attori.GestoreTest" time="0.001"/>
  <testcase name="creaSpiaggia()" classname="it.unicam.cs.IngegneriaDelSoftware.Casotto.Attori.GestoreTest" time="0.009"/>
  <system-out><![CDATA[]]></system-out>
  <system-err><![CDATA[]]></system-err>
</testsuite>
