<?xml version="1.0" encoding="UTF-8"?>
<testsuite name="it.unicam.cs.IngegneriaDelSoftware.Casotto.Servizi.PrenotazioneOmbrelloneTest" tests="1" skipped="0" failures="0" errors="0" timestamp="2022-01-28T21:05:26" hostname="Air-di-Matteo.homenet.telecomitalia.it" time="0.051">
  <properties/>
  <testcase name="Prenotazione()" classname="it.unicam.cs.IngegneriaDelSoftware.Casotto.Servizi.PrenotazioneOmbrelloneTest" time="0.051"/>
  <system-out><![CDATA[]]></system-out>
  <system-err><![CDATA[]]></system-err>
</testsuite>
